c:\users\zyx\onedrive\vr大作业\sift\zyx\image_mosaic\image_mosaic\debug\vc140.pdb
c:\users\zyx\onedrive\vr大作业\sift\zyx\image_mosaic\image_mosaic\debug\vc140.idb
c:\users\zyx\onedrive\vr大作业\sift\zyx\image_mosaic\image_mosaic\debug\imgfeatures.obj
c:\users\zyx\onedrive\vr大作业\sift\zyx\image_mosaic\image_mosaic\debug\kdtree.obj
c:\users\zyx\onedrive\vr大作业\sift\zyx\image_mosaic\image_mosaic\debug\minpq.obj
c:\users\zyx\onedrive\vr大作业\sift\zyx\image_mosaic\image_mosaic\debug\sift.obj
c:\users\zyx\onedrive\vr大作业\sift\zyx\image_mosaic\image_mosaic\debug\utils.obj
c:\users\zyx\onedrive\vr大作业\sift\zyx\image_mosaic\image_mosaic\debug\xform.obj
c:\users\zyx\onedrive\vr大作业\sift\zyx\image_mosaic\image_mosaic\debug\main.obj
c:\users\zyx\onedrive\vr大作业\sift\zyx\image_mosaic\debug\image_mosaic.ilk
c:\users\zyx\onedrive\vr大作业\sift\zyx\image_mosaic\debug\image_mosaic.exe
c:\users\zyx\onedrive\vr大作业\sift\zyx\image_mosaic\debug\image_mosaic.pdb
f:\大三下学习材料\数字图形处理\sift_148003936\image_mosaic\image_mosaic\debug\imgfeatures.obj
f:\大三下学习材料\数字图形处理\sift_148003936\image_mosaic\image_mosaic\debug\kdtree.obj
f:\大三下学习材料\数字图形处理\sift_148003936\image_mosaic\image_mosaic\debug\main.obj
f:\大三下学习材料\数字图形处理\sift_148003936\image_mosaic\image_mosaic\debug\minpq.obj
f:\大三下学习材料\数字图形处理\sift_148003936\image_mosaic\image_mosaic\debug\sift.obj
f:\大三下学习材料\数字图形处理\sift_148003936\image_mosaic\image_mosaic\debug\utils.obj
f:\大三下学习材料\数字图形处理\sift_148003936\image_mosaic\image_mosaic\debug\xform.obj
f:\大三下学习材料\数字图形处理\sift_148003936\image_mosaic\image_mosaic\debug\vc140.idb
f:\大三下学习材料\数字图形处理\sift_148003936\image_mosaic\image_mosaic\debug\vc140.pdb
f:\大三下学习材料\数字图形处理\sift_148003936\image_mosaic\debug\image_mosaic.pdb
f:\大三下学习材料\数字图形处理\sift_148003936\image_mosaic\debug\image_mosaic.exe
f:\大三下学习材料\数字图形处理\sift_148003936\image_mosaic\debug\image_mosaic.ilk
f:\大三下学习材料\数字图形处理\sift_148003936\image_mosaic\image_mosaic\debug\image_mosaic.tlog\cl.command.1.tlog
f:\大三下学习材料\数字图形处理\sift_148003936\image_mosaic\image_mosaic\debug\image_mosaic.tlog\cl.read.1.tlog
f:\大三下学习材料\数字图形处理\sift_148003936\image_mosaic\image_mosaic\debug\image_mosaic.tlog\cl.write.1.tlog
f:\大三下学习材料\数字图形处理\sift_148003936\image_mosaic\image_mosaic\debug\image_mosaic.tlog\link.command.1.tlog
f:\大三下学习材料\数字图形处理\sift_148003936\image_mosaic\image_mosaic\debug\image_mosaic.tlog\link.read.1.tlog
f:\大三下学习材料\数字图形处理\sift_148003936\image_mosaic\image_mosaic\debug\image_mosaic.tlog\link.write.1.tlog
